SF:lib/bloc/subtitle/subtitle_event.dart
DA:4,2
DA:8,2
DA:15,1
LF:3
LH:3
end_of_record
SF:lib/bloc/subtitle/subtitle_state.dart
DA:4,3
DA:8,0
DA:9,0
DA:13,1
DA:14,1
DA:18,0
DA:19,0
DA:23,1
DA:24,1
DA:28,2
DA:31,1
DA:32,2
DA:36,0
DA:37,0
LF:14
LH:8
end_of_record
SF:lib/bloc/subtitle/subtitle_bloc.dart
DA:12,2
DA:16,4
DA:17,4
DA:18,4
DA:19,6
DA:20,2
DA:21,4
DA:23,2
DA:24,0
DA:35,2
DA:38,4
DA:39,5
DA:40,2
DA:43,1
DA:46,2
DA:47,2
DA:48,0
DA:49,0
DA:50,0
DA:51,0
DA:52,0
DA:54,0
DA:55,0
DA:56,0
DA:57,0
DA:58,0
DA:60,0
DA:61,0
DA:62,0
DA:63,0
DA:65,0
DA:67,0
DA:68,0
DA:69,0
DA:77,1
DA:79,2
DA:81,1
DA:84,0
DA:85,0
DA:87,0
DA:89,0
LF:41
LH:18
end_of_record
SF:lib/data/repository/subtitle_repository.dart
DA:13,4
DA:17,2
DA:19,2
DA:21,2
DA:25,2
DA:30,2
DA:34,4
DA:36,8
DA:37,8
DA:42,3
DA:49,3
DA:51,6
DA:56,3
DA:59,6
DA:62,3
DA:63,3
DA:67,4
DA:68,2
DA:69,2
DA:70,2
DA:75,2
DA:76,2
DA:77,2
DA:83,2
DA:84,2
DA:87,2
DA:88,2
DA:89,2
DA:94,1
DA:95,1
DA:96,1
DA:107,3
DA:112,3
DA:113,2
DA:118,1
DA:119,1
DA:125,0
DA:128,6
DA:129,3
DA:131,5
DA:132,4
DA:133,4
DA:134,4
DA:135,4
DA:137,4
DA:138,4
DA:139,4
DA:140,4
DA:141,4
DA:143,2
DA:149,2
DA:156,2
DA:157,4
DA:161,3
DA:164,2
DA:165,2
DA:170,6
DA:171,2
DA:172,4
DA:173,2
DA:174,2
DA:182,2
DA:183,2
DA:184,6
DA:188,2
DA:189,2
DA:190,2
DA:191,0
DA:194,2
DA:198,2
DA:199,10
DA:203,0
DA:204,0
LF:73
LH:69
end_of_record
SF:lib/subtitle_controller.dart
DA:4,4
DA:19,2
DA:20,2
DA:21,2
DA:24,2
DA:25,2
DA:26,2
DA:29,1
DA:32,1
DA:33,1
DA:34,2
DA:35,1
DA:40,1
DA:44,1
DA:47,1
DA:48,1
DA:49,2
DA:50,1
DA:55,1
LF:19
LH:19
end_of_record
SF:lib/data/models/style/subtitle_border_style.dart
DA:6,4
LF:1
LH:1
end_of_record
SF:lib/data/models/style/subtitle_position.dart
DA:4,4
LF:1
LH:1
end_of_record
SF:lib/data/models/style/subtitle_style.dart
DA:7,8
LF:1
LH:1
end_of_record
SF:lib/data/models/subtitle.dart
DA:4,5
DA:13,3
DA:14,12
LF:3
LH:3
end_of_record
SF:lib/data/models/subtitles.dart
DA:4,3
LF:1
LH:1
end_of_record
SF:lib/deprecated_subtitle_wrapper.dart
DA:5,0
LF:1
LH:0
end_of_record
SF:lib/subtitle_wrapper.dart
DA:8,0
DA:22,0
DA:24,0
DA:25,0
DA:26,0
DA:27,0
DA:28,0
DA:29,0
DA:30,0
DA:31,0
DA:32,0
DA:33,0
DA:34,0
DA:35,0
DA:36,0
DA:37,0
DA:39,0
DA:40,0
DA:41,0
DA:42,0
DA:45,0
DA:46,0
DA:47,0
DA:52,0
LF:24
LH:0
end_of_record
SF:lib/subtitle_text_view.dart
DA:8,0
DA:16,0
DA:17,0
DA:18,0
DA:19,0
DA:20,0
DA:21,0
DA:22,0
DA:23,0
DA:25,0
DA:26,0
DA:27,0
DA:31,0
DA:33,0
DA:36,0
DA:37,0
DA:38,0
DA:42,0
DA:44,0
DA:45,0
DA:46,0
DA:47,0
DA:48,0
DA:49,0
DA:50,0
DA:51,0
DA:52,0
DA:53,0
DA:57,0
DA:58,0
DA:59,0
DA:60,0
DA:61,0
DA:62,0
DA:63,0
DA:64,0
DA:65,0
DA:81,0
DA:89,0
DA:91,0
DA:92,0
DA:95,0
LF:42
LH:0
end_of_record
